<?xml version="1.0" encoding="UTF-8"?>
<!-- Generated by org.testng.reporters.JUnitReportReporter -->
<testsuite hostname="DESKTOP-AFLA796" failures="0" tests="1" name="testng.Test0" time="0.012" errors="0" timestamp="2022-06-12T13:06:54 IST" skipped="0">
  <testcase classname="testng.Test0" name="demo" time="0.012"/>
  <system-out>
    <![CDATA[hello java
hello selenium]]>
  </system-out>
</testsuite> <!-- testng.Test0 -->
