<?xml version="1.0" encoding="UTF-8"?>
<!-- Generated by org.testng.reporters.JUnitReportReporter -->
<testsuite hostname="DESKTOP-AFLA796" failures="0" tests="1" name="testng.TeatCase2" time="7.867" errors="0" timestamp="2022-06-13T04:42:40 IST" skipped="0">
  <testcase classname="testng.TeatCase2" name="tc2" time="7.867"/>
  <system-out>
    <![CDATA[Forgotten Password | Can't Log In | Facebook
https://www.facebook.com/login/identify/?ctx=recover&ars=facebook_login&from_login_screen=0]]>
  </system-out>
</testsuite> <!-- testng.TeatCase2 -->
